This is pdfTeX, Version 3.14159265-2.6-1.40.21 (TeX Live 2020/W32TeX) (preloaded format=pdflatex 2020.11.6)  12 FEB 2021 12:43
entering extended mode
 \write18 enabled.
 %&-line parsing enabled.
**ucalgthes1_root_1.tex
(./ucalgthes1_root_1.tex
LaTeX2e <2020-02-02> patch level 5
L3 programming layer <2020-03-06> (./ucalgthes1.cls
Document Class: ucalgthes1 1998/03/01 v1.0 University of Calgary Thesis Class
(./doublespace.sty) (./thes12.clo)
\descriptionmargin=\dimen134
\signwidth=\skip47
\c@part=\count167
\c@chapter=\count168
\c@section=\count169
\c@subsection=\count170
\c@subsubsection=\count171
\c@paragraph=\count172
\c@subparagraph=\count173
\c@figure=\count174
\c@table=\count175
 (./thesistitlepage.sty))
(d:/texlive/2020/texmf-dist/tex/latex/geometry/geometry.sty
Package: geometry 2020/01/02 v5.9 Page Geometry

(d:/texlive/2020/texmf-dist/tex/latex/graphics/keyval.sty
Package: keyval 2014/10/28 v1.15 key=value parser (DPC)
\KV@toks@=\toks15
)
(d:/texlive/2020/texmf-dist/tex/generic/iftex/ifvtex.sty
Package: ifvtex 2019/10/25 v1.7 ifvtex legacy package. Use iftex instead.

(d:/texlive/2020/texmf-dist/tex/generic/iftex/iftex.sty
Package: iftex 2020/03/06 v1.0d TeX engine tests
))
\Gm@cnth=\count176
\Gm@cntv=\count177
\c@Gm@tempcnt=\count178
\Gm@bindingoffset=\dimen135
\Gm@wd@mp=\dimen136
\Gm@odd@mp=\dimen137
\Gm@even@mp=\dimen138
\Gm@layoutwidth=\dimen139
\Gm@layoutheight=\dimen140
\Gm@layouthoffset=\dimen141
\Gm@layoutvoffset=\dimen142
\Gm@dimlist=\toks16
)
(d:/texlive/2020/texmf-dist/tex/latex/hyperref/hyperref.sty
Package: hyperref 2020/01/14 v7.00d Hypertext links for LaTeX

(d:/texlive/2020/texmf-dist/tex/generic/ltxcmds/ltxcmds.sty
Package: ltxcmds 2019/12/15 v1.24 LaTeX kernel commands for general use (HO)
)
(d:/texlive/2020/texmf-dist/tex/latex/pdftexcmds/pdftexcmds.sty
Package: pdftexcmds 2019/11/24 v0.31 Utility functions of pdfTeX for LuaTeX (HO
)

(d:/texlive/2020/texmf-dist/tex/generic/infwarerr/infwarerr.sty
Package: infwarerr 2019/12/03 v1.5 Providing info/warning/error messages (HO)
)
Package pdftexcmds Info: \pdf@primitive is available.
Package pdftexcmds Info: \pdf@ifprimitive is available.
Package pdftexcmds Info: \pdfdraftmode found.
)
(d:/texlive/2020/texmf-dist/tex/generic/kvsetkeys/kvsetkeys.sty
Package: kvsetkeys 2019/12/15 v1.18 Key value parser (HO)
)
(d:/texlive/2020/texmf-dist/tex/generic/kvdefinekeys/kvdefinekeys.sty
Package: kvdefinekeys 2019-12-19 v1.6 Define keys (HO)
)
(d:/texlive/2020/texmf-dist/tex/generic/pdfescape/pdfescape.sty
Package: pdfescape 2019/12/09 v1.15 Implements pdfTeX's escape features (HO)
)
(d:/texlive/2020/texmf-dist/tex/latex/hycolor/hycolor.sty
Package: hycolor 2020-01-27 v1.10 Color options for hyperref/bookmark (HO)
)
(d:/texlive/2020/texmf-dist/tex/latex/letltxmacro/letltxmacro.sty
Package: letltxmacro 2019/12/03 v1.6 Let assignment for LaTeX macros (HO)
)
(d:/texlive/2020/texmf-dist/tex/latex/auxhook/auxhook.sty
Package: auxhook 2019-12-17 v1.6 Hooks for auxiliary files (HO)
)
(d:/texlive/2020/texmf-dist/tex/latex/kvoptions/kvoptions.sty
Package: kvoptions 2019/11/29 v3.13 Key value format for package options (HO)
)
\@linkdim=\dimen143
\Hy@linkcounter=\count179
\Hy@pagecounter=\count180

(d:/texlive/2020/texmf-dist/tex/latex/hyperref/pd1enc.def
File: pd1enc.def 2020/01/14 v7.00d Hyperref: PDFDocEncoding definition (HO)
Now handling font encoding PD1 ...
... no UTF-8 mapping file for font encoding PD1
)
(d:/texlive/2020/texmf-dist/tex/generic/intcalc/intcalc.sty
Package: intcalc 2019/12/15 v1.3 Expandable calculations with integers (HO)
)
(d:/texlive/2020/texmf-dist/tex/generic/etexcmds/etexcmds.sty
Package: etexcmds 2019/12/15 v1.7 Avoid name clashes with e-TeX commands (HO)
)
\Hy@SavedSpaceFactor=\count181
Package hyperref Info: Hyper figures OFF on input line 4547.
Package hyperref Info: Link nesting OFF on input line 4552.
Package hyperref Info: Hyper index ON on input line 4555.
Package hyperref Info: Plain pages OFF on input line 4562.
Package hyperref Info: Backreferencing OFF on input line 4567.
Package hyperref Info: Implicit mode ON; LaTeX internals redefined.
Package hyperref Info: Bookmarks ON on input line 4800.
\c@Hy@tempcnt=\count182

(d:/texlive/2020/texmf-dist/tex/latex/url/url.sty
\Urlmuskip=\muskip16
Package: url 2013/09/16  ver 3.4  Verb mode for urls, etc.
)
LaTeX Info: Redefining \url on input line 5159.
\XeTeXLinkMargin=\dimen144

(d:/texlive/2020/texmf-dist/tex/generic/bitset/bitset.sty
Package: bitset 2019/12/09 v1.3 Handle bit-vector datatype (HO)

(d:/texlive/2020/texmf-dist/tex/generic/bigintcalc/bigintcalc.sty
Package: bigintcalc 2019/12/15 v1.5 Expandable calculations on big integers (HO
)
))
\Fld@menulength=\count183
\Field@Width=\dimen145
\Fld@charsize=\dimen146
Package hyperref Info: Hyper figures OFF on input line 6430.
Package hyperref Info: Link nesting OFF on input line 6435.
Package hyperref Info: Hyper index ON on input line 6438.
Package hyperref Info: backreferencing OFF on input line 6445.
Package hyperref Info: Link coloring OFF on input line 6450.
Package hyperref Info: Link coloring with OCG OFF on input line 6455.
Package hyperref Info: PDF/A mode OFF on input line 6460.
LaTeX Info: Redefining \ref on input line 6500.
LaTeX Info: Redefining \pageref on input line 6504.

(d:/texlive/2020/texmf-dist/tex/generic/atbegshi/atbegshi.sty
Package: atbegshi 2019/12/05 v1.19 At begin shipout hook (HO)
)
\Hy@abspage=\count184
\c@Item=\count185
\c@Hfootnote=\count186
)
Package hyperref Info: Driver (autodetected): hpdftex.

(d:/texlive/2020/texmf-dist/tex/latex/hyperref/hpdftex.def
File: hpdftex.def 2020/01/14 v7.00d Hyperref driver for pdfTeX

(d:/texlive/2020/texmf-dist/tex/latex/atveryend/atveryend.sty
Package: atveryend 2019-12-11 v1.11 Hooks at the very end of document (HO)
Package atveryend Info: \enddocument detected (standard20110627).
)
\Fld@listcount=\count187
\c@bookmark@seq@number=\count188

(d:/texlive/2020/texmf-dist/tex/latex/rerunfilecheck/rerunfilecheck.sty
Package: rerunfilecheck 2019/12/05 v1.9 Rerun checks for auxiliary files (HO)

(d:/texlive/2020/texmf-dist/tex/generic/uniquecounter/uniquecounter.sty
Package: uniquecounter 2019/12/15 v1.4 Provide unlimited unique counter (HO)
)
Package uniquecounter Info: New unique counter `rerunfilecheck' on input line 2
86.
)
\Hy@SectionHShift=\skip48
)
(d:/texlive/2020/texmf-dist/tex/latex/listings/listings.sty
\lst@mode=\count189
\lst@gtempboxa=\box45
\lst@token=\toks17
\lst@length=\count190
\lst@currlwidth=\dimen147
\lst@column=\count191
\lst@pos=\count192
\lst@lostspace=\dimen148
\lst@width=\dimen149
\lst@newlines=\count193
\lst@lineno=\count194
\abovecaptionskip=\skip49
\belowcaptionskip=\skip50
\lst@maxwidth=\dimen150

(d:/texlive/2020/texmf-dist/tex/latex/listings/lstmisc.sty
File: lstmisc.sty 2020/03/24 1.8d (Carsten Heinz)
\c@lstnumber=\count195
\lst@skipnumbers=\count196
\lst@framebox=\box46
)
(d:/texlive/2020/texmf-dist/tex/latex/listings/listings.cfg
File: listings.cfg 2020/03/24 1.8d listings configuration
))
Package: listings 2020/03/24 1.8d (Carsten Heinz)

(d:/texlive/2020/texmf-dist/tex/latex/enumitem/enumitem.sty
Package: enumitem 2019/06/20 v3.9 Customized lists
\labelindent=\skip51
\enit@outerparindent=\dimen151
\enit@toks=\toks18
\enit@inbox=\box47
\enit@count@id=\count197
\enitdp@description=\count198
)
(d:/texlive/2020/texmf-dist/tex/latex/cite/cite.sty
LaTeX Info: Redefining \cite on input line 302.
LaTeX Info: Redefining \nocite on input line 332.
Package: cite 2015/02/27  v 5.5
)
(d:/texlive/2020/texmf-dist/tex/latex/base/inputenc.sty
Package: inputenc 2018/08/11 v1.3c Input encoding file
\inpenc@prehook=\toks19
\inpenc@posthook=\toks20
)
(d:/texlive/2020/texmf-dist/tex/latex/psnfss/pifont.sty
Package: pifont 2005/04/12 PSNFSS-v9.2a Pi font support (SPQR) 
LaTeX Font Info:    Trying to load font information for U+pzd on input line 63.


(d:/texlive/2020/texmf-dist/tex/latex/psnfss/upzd.fd
File: upzd.fd 2001/06/04 font definitions for U/pzd.
)
LaTeX Font Info:    Trying to load font information for U+psy on input line 64.


(d:/texlive/2020/texmf-dist/tex/latex/psnfss/upsy.fd
File: upsy.fd 2001/06/04 font definitions for U/psy.
))
(d:/texlive/2020/texmf-dist/tex/latex/amsmath/amsmath.sty
Package: amsmath 2020/01/20 v2.17e AMS math features
\@mathmargin=\skip52

For additional information on amsmath, use the `?' option.
(d:/texlive/2020/texmf-dist/tex/latex/amsmath/amstext.sty
Package: amstext 2000/06/29 v2.01 AMS text

(d:/texlive/2020/texmf-dist/tex/latex/amsmath/amsgen.sty
File: amsgen.sty 1999/11/30 v2.0 generic functions
\@emptytoks=\toks21
\ex@=\dimen152
))
(d:/texlive/2020/texmf-dist/tex/latex/amsmath/amsbsy.sty
Package: amsbsy 1999/11/29 v1.2d Bold Symbols
\pmbraise@=\dimen153
)
(d:/texlive/2020/texmf-dist/tex/latex/amsmath/amsopn.sty
Package: amsopn 2016/03/08 v2.02 operator names
)
\inf@bad=\count199
LaTeX Info: Redefining \frac on input line 227.
\uproot@=\count266
\leftroot@=\count267
LaTeX Info: Redefining \overline on input line 389.
\classnum@=\count268
\DOTSCASE@=\count269
LaTeX Info: Redefining \ldots on input line 486.
LaTeX Info: Redefining \dots on input line 489.
LaTeX Info: Redefining \cdots on input line 610.
\Mathstrutbox@=\box48
\strutbox@=\box49
\big@size=\dimen154
LaTeX Font Info:    Redeclaring font encoding OML on input line 733.
LaTeX Font Info:    Redeclaring font encoding OMS on input line 734.
\macc@depth=\count270
\c@MaxMatrixCols=\count271
\dotsspace@=\muskip17
\c@parentequation=\count272
\dspbrk@lvl=\count273
\tag@help=\toks22
\row@=\count274
\column@=\count275
\maxfields@=\count276
\andhelp@=\toks23
\eqnshift@=\dimen155
\alignsep@=\dimen156
\tagshift@=\dimen157
\tagwidth@=\dimen158
\totwidth@=\dimen159
\lineht@=\dimen160
\@envbody=\toks24
\multlinegap=\skip53
\multlinetaggap=\skip54
\mathdisplay@stack=\toks25
LaTeX Info: Redefining \[ on input line 2859.
LaTeX Info: Redefining \] on input line 2860.
)
(d:/texlive/2020/texmf-dist/tex/latex/amsfonts/amssymb.sty
Package: amssymb 2013/01/14 v3.01 AMS font symbols

(d:/texlive/2020/texmf-dist/tex/latex/amsfonts/amsfonts.sty
Package: amsfonts 2013/01/14 v3.01 Basic AMSFonts support
\symAMSa=\mathgroup4
\symAMSb=\mathgroup5
LaTeX Font Info:    Redeclaring math symbol \hbar on input line 98.
LaTeX Font Info:    Overwriting math alphabet `\mathfrak' in version `bold'
(Font)                  U/euf/m/n --> U/euf/b/n on input line 106.
))
(d:/texlive/2020/texmf-dist/tex/latex/tabu/tabu.sty
Package: tabu 2019/01/11 v2.9 - flexible LaTeX tabulars (FC+tabu-fixed)

(d:/texlive/2020/texmf-dist/tex/latex/tools/array.sty
Package: array 2019/08/31 v2.4l Tabular extension package (FMi)
\col@sep=\dimen161
\ar@mcellbox=\box50
\extrarowheight=\dimen162
\NC@list=\toks26
\extratabsurround=\skip55
\backup@length=\skip56
\ar@cellbox=\box51
)
(d:/texlive/2020/texmf-dist/tex/latex/varwidth/varwidth.sty
Package: varwidth 2009/03/30 ver 0.92;  Variable-width minipages
\@vwid@box=\box52
\sift@deathcycles=\count277
\@vwid@loff=\dimen163
\@vwid@roff=\dimen164
)
\c@taburow=\count278
\tabu@nbcols=\count279
\tabu@cnt=\count280
\tabu@Xcol=\count281
\tabu@alloc=\count282
\tabu@nested=\count283
\tabu@target=\dimen165
\tabu@spreadtarget=\dimen166
\tabu@naturalX=\dimen167
\tabucolX=\dimen168
\tabu@Xsum=\dimen169
\extrarowdepth=\dimen170
\abovetabulinesep=\dimen171
\belowtabulinesep=\dimen172
\tabustrutrule=\dimen173
\tabu@thebody=\toks27
\tabu@footnotes=\toks28
\tabu@box=\box53
\tabu@arstrutbox=\box54
\tabu@hleads=\box55
\tabu@vleads=\box56
\tabu@cellskip=\skip57
)
(d:/texlive/2020/texmf-dist/tex/latex/tools/longtable.sty
Package: longtable 2020/01/07 v4.13 Multi-page Table package (DPC)
\LTleft=\skip58
\LTright=\skip59
\LTpre=\skip60
\LTpost=\skip61
\LTchunksize=\count284
\LTcapwidth=\dimen174
\LT@head=\box57
\LT@firsthead=\box58
\LT@foot=\box59
\LT@lastfoot=\box60
\LT@cols=\count285
\LT@rows=\count286
\c@LT@tables=\count287
\c@LT@chunks=\count288
\LT@p@ftn=\toks29
)
(d:/texlive/2020/texmf-dist/tex/latex/caption/subcaption.sty
Package: subcaption 2020/01/22 v1.3d Sub-captions (AR)

(d:/texlive/2020/texmf-dist/tex/latex/caption/caption.sty
Package: caption 2020/01/03 v3.4h Customizing captions (AR)

(d:/texlive/2020/texmf-dist/tex/latex/caption/caption3.sty
Package: caption3 2020/01/03 v1.8h caption3 kernel (AR)
Package caption3 Info: TeX engine: e-TeX on input line 61.
\captionmargin=\dimen175
\captionmargin@=\dimen176
\captionwidth=\dimen177
\caption@tempdima=\dimen178
\caption@indent=\dimen179
\caption@parindent=\dimen180
\caption@hangindent=\dimen181
Package caption Info: Unknown document class (or package),
(caption)             standard defaults will be used.
Package caption Info: \@makecaption = \long macro:#1#2-> \vskip 10pt \setbox \@
tempboxa \hbox {#1: #2} \ifdim \wd \@tempboxa >\hsize \unhbox \@tempboxa \par \
else \hbox to\hsize {\hfil \box \@tempboxa \hfil } \fi  on input line 1082.
)

Package caption Warning: Unknown document class (or package),
(caption)                standard defaults will be used.
See the caption package documentation for explanation.

\c@caption@flags=\count289
\c@continuedfloat=\count290
Package caption Info: hyperref package is loaded.
Package caption Info: listings package is loaded.
Package caption Info: longtable package is loaded.
(d:/texlive/2020/texmf-dist/tex/latex/caption/ltcaption.sty
Package: ltcaption 2018/08/26 v1.4a longtable captions (AR)
))
\c@subfigure=\count291
\c@subtable=\count292
)
(d:/texlive/2020/texmf-dist/tex/latex/natbib/natbib.sty
Package: natbib 2010/09/13 8.31b (PWD, AO)


Package natbib Warning: The `cite' package should not be used
(natbib)                with natbib. Use option `sort' instead.

\bibhang=\skip62
\bibsep=\skip63
LaTeX Info: Redefining \cite on input line 694.
LaTeX Info: Redefining \citenum on input line 708.
\c@NAT@ctr=\count293
) (d:/texlive/2020/texmf-dist/tex/latex/float/float.sty
Package: float 2001/11/08 v1.3d Float enhancements (AL)
\c@float@type=\count294
\float@exts=\toks30
\float@box=\box61
\@float@everytoks=\toks31
\@floatcapt=\box62
)
(d:/texlive/2020/texmf-dist/tex/latex/dirtytalk/dirtytalk.sty
Package: dirtytalk 2010/11/21 A package making "quoting" easier

(d:/texlive/2020/texmf-dist/tex/latex/base/ifthen.sty
Package: ifthen 2014/09/29 v1.1c Standard LaTeX ifthen package (DPC)
)
\c@dirtytalk@qdepth=\count295
)
(d:/texlive/2020/texmf-dist/tex/latex/algorithm2e/algorithm2e.sty
Package: algorithm2e 2017/07/18 v5.2 algorithms environments
\c@AlgoLine=\count296
\algocf@hangindent=\skip64

(d:/texlive/2020/texmf-dist/tex/latex/ifoddpage/ifoddpage.sty
Package: ifoddpage 2016/04/23 v1.1 Conditionals for odd/even page detection
\c@checkoddpage=\count297
)
(d:/texlive/2020/texmf-dist/tex/latex/tools/xspace.sty
Package: xspace 2014/10/28 v1.13 Space after command names (DPC,MH)
)
(d:/texlive/2020/texmf-dist/tex/latex/relsize/relsize.sty
Package: relsize 2013/03/29 ver 4.1
)
\skiptotal=\skip65
\skiplinenumber=\skip66
\skiprule=\skip67
\skiphlne=\skip68
\skiptext=\skip69
\skiplength=\skip70
\algomargin=\skip71
\skipalgocfslide=\skip72
\algowidth=\dimen182
\inoutsize=\dimen183
\inoutindent=\dimen184
\interspacetitleruled=\dimen185
\interspacealgoruled=\dimen186
\interspacetitleboxruled=\dimen187
\algocf@ruledwidth=\skip73
\algocf@inoutbox=\box63
\algocf@inputbox=\box64
\AlCapSkip=\skip74
\AlCapHSkip=\skip75
\algoskipindent=\skip76
\algocf@nlbox=\box65
\algocf@hangingbox=\box66
\algocf@untilbox=\box67
\algocf@skipuntil=\skip77
\algocf@capbox=\box68
\algocf@lcaptionbox=\skip78
\algoheightruledefault=\skip79
\algoheightrule=\skip80
\algotitleheightruledefault=\skip81
\algotitleheightrule=\skip82
\c@algocfline=\count298
\c@algocfproc=\count299
\c@algocf=\count300
\algocf@algoframe=\box69
\algocf@algobox=\box70
)
(d:/texlive/2020/texmf-dist/tex/latex/amscls/amsthm.sty
Package: amsthm 2017/10/31 v2.20.4
\thm@style=\toks32
\thm@bodyfont=\toks33
\thm@headfont=\toks34
\thm@notefont=\toks35
\thm@headpunct=\toks36
\thm@preskip=\skip83
\thm@postskip=\skip84
\thm@headsep=\skip85
\dth@everypar=\toks37
)
(d:/texlive/2020/texmf-dist/tex/latex/graphics/graphicx.sty
Package: graphicx 2019/11/30 v1.2a Enhanced LaTeX Graphics (DPC,SPQR)

(d:/texlive/2020/texmf-dist/tex/latex/graphics/graphics.sty
Package: graphics 2019/11/30 v1.4a Standard LaTeX Graphics (DPC,SPQR)

(d:/texlive/2020/texmf-dist/tex/latex/graphics/trig.sty
Package: trig 2016/01/03 v1.10 sin cos tan (DPC)
)
(d:/texlive/2020/texmf-dist/tex/latex/graphics-cfg/graphics.cfg
File: graphics.cfg 2016/06/04 v1.11 sample graphics configuration
)
Package graphics Info: Driver file: pdftex.def on input line 105.

(d:/texlive/2020/texmf-dist/tex/latex/graphics-def/pdftex.def
File: pdftex.def 2018/01/08 v1.0l Graphics/color driver for pdftex
))
\Gin@req@height=\dimen188
\Gin@req@width=\dimen189
)
(d:/texlive/2020/texmf-dist/tex/latex/booktabs/booktabs.sty
Package: booktabs 2020/01/12 v1.61803398 Publication quality tables
\heavyrulewidth=\dimen190
\lightrulewidth=\dimen191
\cmidrulewidth=\dimen192
\belowrulesep=\dimen193
\belowbottomsep=\dimen194
\aboverulesep=\dimen195
\abovetopsep=\dimen196
\cmidrulesep=\dimen197
\cmidrulekern=\dimen198
\defaultaddspace=\dimen199
\@cmidla=\count301
\@cmidlb=\count302
\@aboverulesep=\dimen256
\@belowrulesep=\dimen257
\@thisruleclass=\count303
\@lastruleclass=\count304
\@thisrulewidth=\dimen258
)
\c@theorem=\count305
\c@lemma=\count306
\c@observation=\count307
\c@definition=\count308
\c@claim=\count309
\c@corollary=\count310
\c@problemenv=\count311

(d:/texlive/2020/texmf-dist/tex/latex/makecell/makecell.sty
Package: makecell 2009/08/03 V0.1e Managing of Tab Column Heads and Cells
\rotheadsize=\dimen259
\c@nlinenum=\count312
\TeXr@lab=\toks38
)
(d:/texlive/2020/texmf-dist/tex/latex/l3backend/l3backend-pdfmode.def
File: l3backend-pdfmode.def 2020-03-12 L3 backend support: PDF mode
\l__kernel_color_stack_int=\count313
\l__pdf_internal_box=\box71
)
(./ucalgthes1_root_1.aux (./chapter1.aux) (./chapter2.aux) (./chapter3.aux)
(./chapter4.aux) (./chapter5.aux) (./chapter6.aux) (./chapter7.aux)
(./chapter8.aux) (./chapter9.aux))
\openout1 = `ucalgthes1_root_1.aux'.

LaTeX Font Info:    Checking defaults for OML/cmm/m/it on input line 112.
LaTeX Font Info:    ... okay on input line 112.
LaTeX Font Info:    Checking defaults for OMS/cmsy/m/n on input line 112.
LaTeX Font Info:    ... okay on input line 112.
LaTeX Font Info:    Checking defaults for OT1/cmr/m/n on input line 112.
LaTeX Font Info:    ... okay on input line 112.
LaTeX Font Info:    Checking defaults for T1/cmr/m/n on input line 112.
LaTeX Font Info:    ... okay on input line 112.
LaTeX Font Info:    Checking defaults for TS1/cmr/m/n on input line 112.
LaTeX Font Info:    ... okay on input line 112.
LaTeX Font Info:    Checking defaults for OMX/cmex/m/n on input line 112.
LaTeX Font Info:    ... okay on input line 112.
LaTeX Font Info:    Checking defaults for U/cmr/m/n on input line 112.
LaTeX Font Info:    ... okay on input line 112.
LaTeX Font Info:    Checking defaults for PD1/pdf/m/n on input line 112.
LaTeX Font Info:    ... okay on input line 112.

*geometry* driver: auto-detecting
*geometry* detected driver: pdftex
*geometry* verbose mode - [ preamble ] result:
* driver: pdftex
* paper: letterpaper
* layout: <same size as paper>
* layoutoffset:(h,v)=(0.0pt,0.0pt)
* modes: 
* h-part:(L,W,R)=(72.26999pt, 469.75502pt, 72.26999pt)
* v-part:(T,H,B)=(72.26999pt, 650.43001pt, 72.26999pt)
* \paperwidth=614.295pt
* \paperheight=794.96999pt
* \textwidth=469.75502pt
* \textheight=650.43001pt
* \oddsidemargin=0.0pt
* \evensidemargin=0.0pt
* \topmargin=-37.0pt
* \headheight=12.0pt
* \headsep=25.0pt
* \topskip=10.0pt
* \footskip=30.0pt
* \marginparwidth=72.26999pt
* \marginparsep=72.26999pt
* \columnsep=10.0pt
* \skip\footins=10.8pt plus 4.0pt minus 2.0pt
* \hoffset=0.0pt
* \voffset=0.0pt
* \mag=1000
* \@twocolumnfalse
* \@twosidefalse
* \@mparswitchfalse
* \@reversemarginfalse
* (1in=72.27pt=25.4mm, 1cm=28.453pt)

\AtBeginShipoutBox=\box72
Package hyperref Info: Link coloring OFF on input line 112.
(d:/texlive/2020/texmf-dist/tex/latex/hyperref/nameref.sty
Package: nameref 2019/09/16 v2.46 Cross-referencing by name of section

(d:/texlive/2020/texmf-dist/tex/latex/refcount/refcount.sty
Package: refcount 2019/12/15 v3.6 Data extraction from label references (HO)
)
(d:/texlive/2020/texmf-dist/tex/generic/gettitlestring/gettitlestring.sty
Package: gettitlestring 2019/12/15 v1.6 Cleanup title references (HO)
)
\c@section@level=\count314
)
LaTeX Info: Redefining \ref on input line 112.
LaTeX Info: Redefining \pageref on input line 112.
LaTeX Info: Redefining \nameref on input line 112.

(./ucalgthes1_root_1.out) (./ucalgthes1_root_1.out)
\@outlinefile=\write3
\openout3 = `ucalgthes1_root_1.out'.

\c@lstlisting=\count315
Package caption Info: Begin \AtBeginDocument code.
Package caption Info: float package is loaded.
Package caption Info: End \AtBeginDocument code.

(d:/texlive/2020/texmf-dist/tex/context/base/mkii/supp-pdf.mkii
[Loading MPS to PDF converter (version 2006.09.02).]
\scratchcounter=\count316
\scratchdimen=\dimen260
\scratchbox=\box73
\nofMPsegments=\count317
\nofMParguments=\count318
\everyMPshowfont=\toks39
\MPscratchCnt=\count319
\MPscratchDim=\dimen261
\MPnumerator=\count320
\makeMPintoPDFobject=\count321
\everyMPtoPDFconversion=\toks40
) (d:/texlive/2020/texmf-dist/tex/latex/epstopdf-pkg/epstopdf-base.sty
Package: epstopdf-base 2020-01-24 v2.11 Base part for package epstopdf
Package epstopdf-base Info: Redefining graphics rule for `.eps' on input line 4
85.

(d:/texlive/2020/texmf-dist/tex/latex/latexconfig/epstopdf-sys.cfg
File: epstopdf-sys.cfg 2010/07/13 v1.3 Configuration of (r)epstopdf for TeX Liv
e
)) [1

{d:/texlive/2020/texmf-var/fonts/map/pdftex/updmap/pdftex.map}]
\bf {Abstract}
LaTeX Font Info:    Trying to load font information for U+msa on input line 170
.
(d:/texlive/2020/texmf-dist/tex/latex/amsfonts/umsa.fd
File: umsa.fd 2013/01/14 v3.01 AMS symbols A
)
LaTeX Font Info:    Trying to load font information for U+msb on input line 170
.

(d:/texlive/2020/texmf-dist/tex/latex/amsfonts/umsb.fd
File: umsb.fd 2013/01/14 v3.01 AMS symbols B
) [2

] [3]
(./ucalgthes1_root_1.toc [4

])
\tf@toc=\write4
\openout4 = `ucalgthes1_root_1.toc'.

 [5] (./ucalgthes1_root_1.lot)
\tf@lot=\write5
\openout5 = `ucalgthes1_root_1.lot'.

 [6

]
(./ucalgthes1_root_1.lof)
\tf@lof=\write6
\openout6 = `ucalgthes1_root_1.lof'.

 [7

] (./symbols.tex [8



]) [9]
\openout2 = `chapter1.aux'.

 (./chapter1.tex
Chapter \bf {1}.
<figs/devices growth.PNG, id=535, 928.97063pt x 388.45125pt>
File: figs/devices growth.PNG Graphic file (type png)
<use figs/devices growth.PNG>
Package pdftex.def Info: figs/devices growth.PNG  used on input line 16.
(pdftex.def)             Requested size: 422.77664pt x 176.78708pt.
pdfTeX warning (ext4): destination with the same identifier (name{page.1}) has 
been already used, duplicate ignored
<to be read again> 
                   \relax 
l.24 
      [1




] [2 <./figs/devices growth.PNG>]
<figs/LIDAR.PNG, id=560, 896.59969pt x 693.34032pt>
File: figs/LIDAR.PNG Graphic file (type png)
<use figs/LIDAR.PNG>
Package pdftex.def Info: figs/LIDAR.PNG  used on input line 36.
(pdftex.def)             Requested size: 422.77664pt x 326.92795pt.
<figs/geosfc.PNG, id=565, 965.10562pt x 316.93407pt>
File: figs/geosfc.PNG Graphic file (type png)
<use figs/geosfc.PNG>
Package pdftex.def Info: figs/geosfc.PNG  used on input line 46.
(pdftex.def)             Requested size: 375.80544pt x 123.41034pt.
 [3] [4 <./figs/LIDAR.PNG> <./figs/geosfc.PNG>] [5] [6] [7] [8] [9]) [10]
\openout2 = `chapter2.aux'.

 (./chapter2.tex
Chapter \bf {2}.
<figs/NFVenvironment.PNG, id=629, 1265.47781pt x 653.44125pt>
File: figs/NFVenvironment.PNG Graphic file (type png)
<use figs/NFVenvironment.PNG>
Package pdftex.def Info: figs/NFVenvironment.PNG  used on input line 12.
(pdftex.def)             Requested size: 422.77664pt x 218.29845pt.
[11



] [12 <./figs/NFVenvironment.PNG>]
<figs/SFCembedding.PNG, id=644, 773.13844pt x 618.81187pt>
File: figs/SFCembedding.PNG Graphic file (type png)
<use figs/SFCembedding.PNG>
Package pdftex.def Info: figs/SFCembedding.PNG  used on input line 45.
(pdftex.def)             Requested size: 422.77664pt x 338.38359pt.
 [13] [14 <./figs/SFCembedding.PNG>]
<figs/MEC architecture.PNG, id=661, 929.72343pt x 539.76656pt>
File: figs/MEC architecture.PNG Graphic file (type png)
<use figs/MEC architecture.PNG>
Package pdftex.def Info: figs/MEC architecture.PNG  used on input line 82.
(pdftex.def)             Requested size: 422.77664pt x 245.44592pt.

[15] [16 <./figs/MEC architecture.PNG>] [17] [18]
<figs/SFCarchitecture.PNG, id=721, 886.81313pt x 537.50812pt>
File: figs/SFCarchitecture.PNG Graphic file (type png)
<use figs/SFCarchitecture.PNG>
Package pdftex.def Info: figs/SFCarchitecture.PNG  used on input line 152.
(pdftex.def)             Requested size: 422.77664pt x 256.254pt.
 [19]
<figs/SFCrequestmodel.PNG, id=731, 736.25063pt x 143.03438pt>
File: figs/SFCrequestmodel.PNG Graphic file (type png)
<use figs/SFCrequestmodel.PNG>
Package pdftex.def Info: figs/SFCrequestmodel.PNG  used on input line 167.
(pdftex.def)             Requested size: 422.77664pt x 82.13718pt.
 [20 <./figs/SFCarchitecture.PNG>] [21 <./figs/SFCrequestmodel.PNG>] [22]
! Undefined control sequence.
\nb #1->\textnoraml 
                    {\bf #1}
l.210 ... of online binary learning, where $\nb{x}
                                                  _t$ denotes the sequential...
The control sequence at the end of the top line
of your error message was never \def'ed. If you have
misspelled it (e.g., `\hobx'), type `I' and the correct
spelling (e.g., `I\hbox'). Otherwise just continue,
and I'll forget about whatever was undefined.

! Undefined control sequence.
\nb #1->\textnoraml 
                    {\bf #1}
l.210 ...ch round, the learning use vector $\nb{w}
                                                  _t$ as a prediction model ...
The control sequence at the end of the top line
of your error message was never \def'ed. If you have
misspelled it (e.g., `\hobx'), type `I' and the correct
spelling (e.g., `I\hbox'). Otherwise just continue,
and I'll forget about whatever was undefined.

! Missing $ inserted.
<inserted text> 
                $
l.214 ...e the prediction function as \textbf{w_1}
                                                  ;\\
I've inserted a begin-math/end-math symbol since I think
you left one out. Proceed, with fingers crossed.

! Extra }, or forgotten $.
<recently read> \egroup 
                        
l.214 ...e the prediction function as \textbf{w_1}
                                                  ;\\
I've deleted a group-closing symbol because it seems to be
spurious, as in `$x}$'. But perhaps the } is legitimate and
you forgot something else, as in `\hbox{$x}'. In such cases
the way to recover is to insert both the forgotten and the
deleted material, e.g., by typing `I$}'.


! LaTeX Error: There's no line here to end.

See the LaTeX manual or LaTeX Companion for explanation.
Type  H <return>  for immediate help.
 ...                                              
                                                  
l.214 ...he prediction function as \textbf{w_1};\\
                                                  
Your command was ignored.
Type  I <command> <return>  to replace it with another command,
or  <return>  to continue without it.

! Missing $ inserted.
<inserted text> 
                $
l.214 ...he prediction function as \textbf{w_1};\\
                                                  
I've inserted a begin-math/end-math symbol since I think
you left one out. Proceed, with fingers crossed.

! Undefined control sequence.
\nb #1->\textnoraml 
                    {\bf #1}
l.222 	\textnormal
                  {Calculate regret:} $R_T = \sum^T_{t=1} l_t({\bf w_t}) - \...
The control sequence at the end of the top line
of your error message was never \def'ed. If you have
misspelled it (e.g., `\hobx'), type `I' and the correct
spelling (e.g., `I\hbox'). Otherwise just continue,
and I'll forget about whatever was undefined.


Underfull \hbox (badness 10000) detected at line 223
[][]
 []

! Missing } inserted.
<inserted text> 
                }
l.223 \end{algorithm}
                     
I've inserted something that you may have forgotten.
(See the <inserted text> above.)
With luck, this will get me unwedged. But if you
really didn't forget anything, try typing `2' now; then
my insertion and my current dilemma will both disappear.

[23] [24] [25]
! Missing $ inserted.
<inserted text> 
                $
l.285 	\textbf{Input:} \alpha
                             _1, ..., \alpha_n\\
I've inserted a begin-math/end-math symbol since I think
you left one out. Proceed, with fingers crossed.


! LaTeX Error: There's no line here to end.

See the LaTeX manual or LaTeX Companion for explanation.
Type  H <return>  for immediate help.
 ...                                              
                                                  
l.285 	\textbf{Input:} \alpha_1, ..., \alpha_n\\
                                                
Your command was ignored.
Type  I <command> <return>  to replace it with another command,
or  <return>  to continue without it.

! Missing $ inserted.
<inserted text> 
                $
l.285 	\textbf{Input:} \alpha_1, ..., \alpha_n\\
                                                
I've inserted a begin-math/end-math symbol since I think
you left one out. Proceed, with fingers crossed.

! Missing $ inserted.
<inserted text> 
                $
l.286 	Initialize \textbf{V}_
                             0 \leftarrow \textbf{I}_{d\times d}, \textbf{b}...
I've inserted a begin-math/end-math symbol since I think
you left one out. Proceed, with fingers crossed.


! LaTeX Error: There's no line here to end.

See the LaTeX manual or LaTeX Companion for explanation.
Type  H <return>  for immediate help.
 ...                                              
                                                  
l.286 ..., \textbf{b}_0 \leftarrow \textbf{0}_d \\
                                                  
Your command was ignored.
Type  I <command> <return>  to replace it with another command,
or  <return>  to continue without it.

! Missing $ inserted.
<inserted text> 
                $
l.286 ..., \textbf{b}_0 \leftarrow \textbf{0}_d \\
                                                  
I've inserted a begin-math/end-math symbol since I think
you left one out. Proceed, with fingers crossed.

! Missing $ inserted.
<inserted text> 
                $
l.299 \end
          {algorithm}
I've inserted a begin-math/end-math symbol since I think
you left one out. Proceed, with fingers crossed.

! Extra }, or forgotten $.
<recently read> \egroup 
                        
l.299 \end
          {algorithm}
I've deleted a group-closing symbol because it seems to be
spurious, as in `$x}$'. But perhaps the } is legitimate and
you forgot something else, as in `\hbox{$x}'. In such cases
the way to recover is to insert both the forgotten and the
deleted material, e.g., by typing `I$}'.

! Extra }, or forgotten $.
<recently read> \egroup 
                        
l.299 \end
          {algorithm}
I've deleted a group-closing symbol because it seems to be
spurious, as in `$x}$'. But perhaps the } is legitimate and
you forgot something else, as in `\hbox{$x}'. In such cases
the way to recover is to insert both the forgotten and the
deleted material, e.g., by typing `I$}'.

! Missing $ inserted.
<inserted text> 
                $
l.299 \end
          {algorithm}
I've inserted a begin-math/end-math symbol since I think
you left one out. Proceed, with fingers crossed.

! Missing $ inserted.
<inserted text> 
                $
l.299 \end
          {algorithm}
I've inserted a begin-math/end-math symbol since I think
you left one out. Proceed, with fingers crossed.

! Undefined control sequence.
\nb #1->\textnoraml 
                    {\bf #1}
l.299 \end
          {algorithm}
The control sequence at the end of the top line
of your error message was never \def'ed. If you have
misspelled it (e.g., `\hobx'), type `I' and the correct
spelling (e.g., `I\hbox'). Otherwise just continue,
and I'll forget about whatever was undefined.

! Undefined control sequence.
\nb #1->\textnoraml 
                    {\bf #1}
l.299 \end
          {algorithm}
The control sequence at the end of the top line
of your error message was never \def'ed. If you have
misspelled it (e.g., `\hobx'), type `I' and the correct
spelling (e.g., `I\hbox'). Otherwise just continue,
and I'll forget about whatever was undefined.


! LaTeX Error: There's no line here to end.

See the LaTeX manual or LaTeX Companion for explanation.
Type  H <return>  for immediate help.
 ...                                              
                                                  
l.299 \end
          {algorithm}
Your command was ignored.
Type  I <command> <return>  to replace it with another command,
or  <return>  to continue without it.

! Missing $ inserted.
<inserted text> 
                $
l.299 \end
          {algorithm}
I've inserted a begin-math/end-math symbol since I think
you left one out. Proceed, with fingers crossed.

! Missing $ inserted.
<inserted text> 
                $
l.299 \end
          {algorithm}
I've inserted a begin-math/end-math symbol since I think
you left one out. Proceed, with fingers crossed.

! Extra }, or forgotten $.
<recently read> \egroup 
                        
l.299 \end
          {algorithm}
I've deleted a group-closing symbol because it seems to be
spurious, as in `$x}$'. But perhaps the } is legitimate and
you forgot something else, as in `\hbox{$x}'. In such cases
the way to recover is to insert both the forgotten and the
deleted material, e.g., by typing `I$}'.

! Extra }, or forgotten $.
<recently read> \egroup 
                        
l.299 \end
          {algorithm}
I've deleted a group-closing symbol because it seems to be
spurious, as in `$x}$'. But perhaps the } is legitimate and
you forgot something else, as in `\hbox{$x}'. In such cases
the way to recover is to insert both the forgotten and the
deleted material, e.g., by typing `I$}'.

! Missing $ inserted.
<inserted text> 
                $
l.299 \end
          {algorithm}
I've inserted a begin-math/end-math symbol since I think
you left one out. Proceed, with fingers crossed.

! Missing $ inserted.
<inserted text> 
                $
l.299 \end
          {algorithm}
I've inserted a begin-math/end-math symbol since I think
you left one out. Proceed, with fingers crossed.


! LaTeX Error: There's no line here to end.

See the LaTeX manual or LaTeX Companion for explanation.
Type  H <return>  for immediate help.
 ...                                              
                                                  
l.299 \end
          {algorithm}
Your command was ignored.
Type  I <command> <return>  to replace it with another command,
or  <return>  to continue without it.

! Missing $ inserted.
<inserted text> 
                $
l.299 \end
          {algorithm}
I've inserted a begin-math/end-math symbol since I think
you left one out. Proceed, with fingers crossed.

! Missing $ inserted.
<inserted text> 
                $
l.299 \end
          {algorithm}
I've inserted a begin-math/end-math symbol since I think
you left one out. Proceed, with fingers crossed.

! Missing $ inserted.
<inserted text> 
                $
l.299 \end
          {algorithm}
I've inserted a begin-math/end-math symbol since I think
you left one out. Proceed, with fingers crossed.

! Undefined control sequence.
\nb #1->\textnoraml 
                    {\bf #1}
l.299 \end
          {algorithm}
The control sequence at the end of the top line
of your error message was never \def'ed. If you have
misspelled it (e.g., `\hobx'), type `I' and the correct
spelling (e.g., `I\hbox'). Otherwise just continue,
and I'll forget about whatever was undefined.

! Missing $ inserted.
<inserted text> 
                $
l.299 \end
          {algorithm}
I've inserted a begin-math/end-math symbol since I think
you left one out. Proceed, with fingers crossed.


! LaTeX Error: There's no line here to end.

See the LaTeX manual or LaTeX Companion for explanation.
Type  H <return>  for immediate help.
 ...                                              
                                                  
l.299 \end
          {algorithm}
Your command was ignored.
Type  I <command> <return>  to replace it with another command,
or  <return>  to continue without it.

! Missing $ inserted.
<inserted text> 
                $
l.299 \end
          {algorithm}
I've inserted a begin-math/end-math symbol since I think
you left one out. Proceed, with fingers crossed.

! Missing $ inserted.
<inserted text> 
                $
l.299 \end
          {algorithm}
I've inserted a begin-math/end-math symbol since I think
you left one out. Proceed, with fingers crossed.


! LaTeX Error: There's no line here to end.

See the LaTeX manual or LaTeX Companion for explanation.
Type  H <return>  for immediate help.
 ...                                              
                                                  
l.299 \end
          {algorithm}
Your command was ignored.
Type  I <command> <return>  to replace it with another command,
or  <return>  to continue without it.

! Missing $ inserted.
<inserted text> 
                $
l.299 \end
          {algorithm}
I've inserted a begin-math/end-math symbol since I think
you left one out. Proceed, with fingers crossed.

! Undefined control sequence.
\nb #1->\textnoraml 
                    {\bf #1}
l.299 \end
          {algorithm}
The control sequence at the end of the top line
of your error message was never \def'ed. If you have
misspelled it (e.g., `\hobx'), type `I' and the correct
spelling (e.g., `I\hbox'). Otherwise just continue,
and I'll forget about whatever was undefined.

! Missing $ inserted.
<inserted text> 
                $
l.299 \end
          {algorithm}
I've inserted a begin-math/end-math symbol since I think
you left one out. Proceed, with fingers crossed.

! Undefined control sequence.
\nb #1->\textnoraml 
                    {\bf #1}
l.299 \end
          {algorithm}
The control sequence at the end of the top line
of your error message was never \def'ed. If you have
misspelled it (e.g., `\hobx'), type `I' and the correct
spelling (e.g., `I\hbox'). Otherwise just continue,
and I'll forget about whatever was undefined.

! Missing $ inserted.
<inserted text> 
                $
l.299 \end
          {algorithm}
I've inserted a begin-math/end-math symbol since I think
you left one out. Proceed, with fingers crossed.

! Missing $ inserted.
<inserted text> 
                $
l.299 \end
          {algorithm}
I've inserted a begin-math/end-math symbol since I think
you left one out. Proceed, with fingers crossed.

! Undefined control sequence.
\nb #1->\textnoraml 
                    {\bf #1}
l.299 \end
          {algorithm}
The control sequence at the end of the top line
of your error message was never \def'ed. If you have
misspelled it (e.g., `\hobx'), type `I' and the correct
spelling (e.g., `I\hbox'). Otherwise just continue,
and I'll forget about whatever was undefined.

! Undefined control sequence.
\nb #1->\textnoraml 
                    {\bf #1}
l.299 \end
          {algorithm}
The control sequence at the end of the top line
of your error message was never \def'ed. If you have
misspelled it (e.g., `\hobx'), type `I' and the correct
spelling (e.g., `I\hbox'). Otherwise just continue,
and I'll forget about whatever was undefined.


! LaTeX Error: There's no line here to end.

See the LaTeX manual or LaTeX Companion for explanation.
Type  H <return>  for immediate help.
 ...                                              
                                                  
l.299 \end
          {algorithm}
Your command was ignored.
Type  I <command> <return>  to replace it with another command,
or  <return>  to continue without it.

! Missing $ inserted.
<inserted text> 
                $
l.299 \end
          {algorithm}
I've inserted a begin-math/end-math symbol since I think
you left one out. Proceed, with fingers crossed.

! Undefined control sequence.
\nb #1->\textnoraml 
                    {\bf #1}
l.299 \end
          {algorithm}
The control sequence at the end of the top line
of your error message was never \def'ed. If you have
misspelled it (e.g., `\hobx'), type `I' and the correct
spelling (e.g., `I\hbox'). Otherwise just continue,
and I'll forget about whatever was undefined.

! Missing $ inserted.
<inserted text> 
                $
l.299 \end
          {algorithm}
I've inserted a begin-math/end-math symbol since I think
you left one out. Proceed, with fingers crossed.

! Undefined control sequence.
\nb #1->\textnoraml 
                    {\bf #1}
l.299 \end
          {algorithm}
The control sequence at the end of the top line
of your error message was never \def'ed. If you have
misspelled it (e.g., `\hobx'), type `I' and the correct
spelling (e.g., `I\hbox'). Otherwise just continue,
and I'll forget about whatever was undefined.

! Undefined control sequence.
\nb #1->\textnoraml 
                    {\bf #1}
l.299 \end
          {algorithm}
The control sequence at the end of the top line
of your error message was never \def'ed. If you have
misspelled it (e.g., `\hobx'), type `I' and the correct
spelling (e.g., `I\hbox'). Otherwise just continue,
and I'll forget about whatever was undefined.


! LaTeX Error: There's no line here to end.

See the LaTeX manual or LaTeX Companion for explanation.
Type  H <return>  for immediate help.
 ...                                              
                                                  
l.299 \end
          {algorithm}
Your command was ignored.
Type  I <command> <return>  to replace it with another command,
or  <return>  to continue without it.

! Missing $ inserted.
<inserted text> 
                $
l.299 \end
          {algorithm}
I've inserted a begin-math/end-math symbol since I think
you left one out. Proceed, with fingers crossed.

! Missing } inserted.
<inserted text> 
                }
l.299 \end{algorithm}
                     
I've inserted something that you may have forgotten.
(See the <inserted text> above.)
With luck, this will get me unwedged. But if you
really didn't forget anything, try typing `2' now; then
my insertion and my current dilemma will both disappear.

! Missing } inserted.
<inserted text> 
                }
l.299 \end{algorithm}
                     
I've inserted something that you may have forgotten.
(See the <inserted text> above.)
With luck, this will get me unwedged. But if you
really didn't forget anything, try typing `2' now; then
my insertion and my current dilemma will both disappear.

! Missing } inserted.
<inserted text> 
                }
l.299 \end{algorithm}
                     
I've inserted something that you may have forgotten.
(See the <inserted text> above.)
With luck, this will get me unwedged. But if you
really didn't forget anything, try typing `2' now; then
my insertion and my current dilemma will both disappear.


Underfull \hbox (badness 10000) detected at line 299
[][]
 []

! Missing } inserted.
<inserted text> 
                }
l.299 \end{algorithm}
                     
I've inserted something that you may have forgotten.
(See the <inserted text> above.)
With luck, this will get me unwedged. But if you
really didn't forget anything, try typing `2' now; then
my insertion and my current dilemma will both disappear.

[26]pdfTeX warning (ext4): destination with the same identifier (name{algocf.1}
) has been already used, duplicate ignored
<to be read again> 
                   \relax 
l.310 ...A Standard Binary Integer Linear Program}
                                                   [27]pdfTeX warning (ext4): d
estination with the same identifier (name{algocf.2}) has been already used, dup
licate ignored
<to be read again> 
                   \relax 
l.334 	\caption{BIP Product Linearization}
                                          

! Package amsmath Error: Erroneous nesting of equation structures;
(amsmath)                trying to recover with `aligned'.

See the amsmath package documentation for explanation.
Type  H <return>  for immediate help.
 ...                                              
                                                  
l.341 		\end{align}
                   
Try typing  <return>  to proceed.
If that doesn't work, type  X <return>  to quit.


LaTeX Warning: Reference `DP:recurrence relation' on page 28 undefined on input
 line 353.

[28pdfTeX warning (ext4): destination with the same identifier (name{equation.2
.5.3}) has been already used, duplicate ignored

\AtBegShi@Output ...ipout \box \AtBeginShipoutBox 
                                                  \fi \fi 
l.356 
      pdfTeX warning (ext4): destination with the same identifier (name{equatio
n.2.5.4}) has been already used, duplicate ignored

\AtBegShi@Output ...ipout \box \AtBeginShipoutBox 
                                                  \fi \fi 
l.356 
      ]
! Missing $ inserted.
<inserted text> 
                $
l.382 	\textnormal
                  {Extract the minimum SFC cost from $D_1$by computing the m...
I've inserted a begin-math/end-math symbol since I think
you left one out. Proceed, with fingers crossed.


! LaTeX Error: There's no line here to end.

See the LaTeX manual or LaTeX Companion for explanation.
Type  H <return>  for immediate help.
 ...                                              
                                                  
l.382 	\textnormal
                  {Extract the minimum SFC cost from $D_1$by computing the m...

Your command was ignored.
Type  I <command> <return>  to replace it with another command,
or  <return>  to continue without it.

! Missing $ inserted.
<inserted text> 
                $
l.382 	\textnormal
                  {Extract the minimum SFC cost from $D_1$by computing the m...
I've inserted a begin-math/end-math symbol since I think
you left one out. Proceed, with fingers crossed.

! Missing $ inserted.
<inserted text> 
                $
l.382 	\textnormal
                  {Extract the minimum SFC cost from $D_1$by computing the m...
I've inserted a begin-math/end-math symbol since I think
you left one out. Proceed, with fingers crossed.


! LaTeX Error: There's no line here to end.

See the LaTeX manual or LaTeX Companion for explanation.
Type  H <return>  for immediate help.
 ...                                              
                                                  
l.382 	\textnormal
                  {Extract the minimum SFC cost from $D_1$by computing the m...

Your command was ignored.
Type  I <command> <return>  to replace it with another command,
or  <return>  to continue without it.

! Missing $ inserted.
<inserted text> 
                $
l.382 	\textnormal
                  {Extract the minimum SFC cost from $D_1$by computing the m...
I've inserted a begin-math/end-math symbol since I think
you left one out. Proceed, with fingers crossed.

! Missing $ inserted.
<inserted text> 
                $
l.382 	\textnormal
                  {Extract the minimum SFC cost from $D_1$by computing the m...
I've inserted a begin-math/end-math symbol since I think
you left one out. Proceed, with fingers crossed.


! LaTeX Error: There's no line here to end.

See the LaTeX manual or LaTeX Companion for explanation.
Type  H <return>  for immediate help.
 ...                                              
                                                  
l.382 	\textnormal
                  {Extract the minimum SFC cost from $D_1$by computing the m...

Your command was ignored.
Type  I <command> <return>  to replace it with another command,
or  <return>  to continue without it.

! Missing $ inserted.
<inserted text> 
                $
l.382 	\textnormal
                  {Extract the minimum SFC cost from $D_1$by computing the m...
I've inserted a begin-math/end-math symbol since I think
you left one out. Proceed, with fingers crossed.

! Missing $ inserted.
<inserted text> 
                $
l.382 	\textnormal
                  {Extract the minimum SFC cost from $D_1$by computing the m...
I've inserted a begin-math/end-math symbol since I think
you left one out. Proceed, with fingers crossed.


! LaTeX Error: There's no line here to end.

See the LaTeX manual or LaTeX Companion for explanation.
Type  H <return>  for immediate help.
 ...                                              
                                                  
l.382 	\textnormal
                  {Extract the minimum SFC cost from $D_1$by computing the m...

Your command was ignored.
Type  I <command> <return>  to replace it with another command,
or  <return>  to continue without it.

! Missing $ inserted.
<inserted text> 
                $
l.382 	\textnormal
                  {Extract the minimum SFC cost from $D_1$by computing the m...
I've inserted a begin-math/end-math symbol since I think
you left one out. Proceed, with fingers crossed.

! Missing $ inserted.
<inserted text> 
                $
l.382 	\textnormal
                  {Extract the minimum SFC cost from $D_1$by computing the m...
I've inserted a begin-math/end-math symbol since I think
you left one out. Proceed, with fingers crossed.


! LaTeX Error: There's no line here to end.

See the LaTeX manual or LaTeX Companion for explanation.
Type  H <return>  for immediate help.
 ...                                              
                                                  
l.382 	\textnormal
                  {Extract the minimum SFC cost from $D_1$by computing the m...

Your command was ignored.
Type  I <command> <return>  to replace it with another command,
or  <return>  to continue without it.

! Missing $ inserted.
<inserted text> 
                $
l.382 	\textnormal
                  {Extract the minimum SFC cost from $D_1$by computing the m...
I've inserted a begin-math/end-math symbol since I think
you left one out. Proceed, with fingers crossed.

! Missing $ inserted.
<inserted text> 
                $
l.382 	\textnormal
                  {Extract the minimum SFC cost from $D_1$by computing the m...
I've inserted a begin-math/end-math symbol since I think
you left one out. Proceed, with fingers crossed.


! LaTeX Error: There's no line here to end.

See the LaTeX manual or LaTeX Companion for explanation.
Type  H <return>  for immediate help.
 ...                                              
                                                  
l.382 	\textnormal
                  {Extract the minimum SFC cost from $D_1$by computing the m...

Your command was ignored.
Type  I <command> <return>  to replace it with another command,
or  <return>  to continue without it.

! Missing $ inserted.
<inserted text> 
                $
l.382 	\textnormal
                  {Extract the minimum SFC cost from $D_1$by computing the m...
I've inserted a begin-math/end-math symbol since I think
you left one out. Proceed, with fingers crossed.

! Missing $ inserted.
<inserted text> 
                $
l.383 	C(SFC) = \textnormal{min}(D_
                                   1(j,j))\ \forall\  j \in [1, n]\\
I've inserted a begin-math/end-math symbol since I think
you left one out. Proceed, with fingers crossed.


! LaTeX Error: There's no line here to end.

See the LaTeX manual or LaTeX Companion for explanation.
Type  H <return>  for immediate help.
 ...                                              
                                                  
l.383 ...{min}(D_1(j,j))\ \forall\  j \in [1, n]\\
                                                  
Your command was ignored.
Type  I <command> <return>  to replace it with another command,
or  <return>  to continue without it.

! Missing $ inserted.
<inserted text> 
                $
l.383 ...{min}(D_1(j,j))\ \forall\  j \in [1, n]\\
                                                  
I've inserted a begin-math/end-math symbol since I think
you left one out. Proceed, with fingers crossed.

[29] [30] [31] [32] [33]) [34]
\openout2 = `chapter3.aux'.

 (./chapter3.tex
Chapter \bf {3}.
[35



] [36] [37] [38] [39] [40]) [41] [42]
\openout2 = `chapter4.aux'.

 (./chapter4.tex
Chapter \bf {4}.
<figs/MEC_SFCdiagram_colored2.PNG, id=1104, 977.90344pt x 646.66594pt>
File: figs/MEC_SFCdiagram_colored2.PNG Graphic file (type png)
<use figs/MEC_SFCdiagram_colored2.PNG>
Package pdftex.def Info: figs/MEC_SFCdiagram_colored2.PNG  used on input line 1
5.
(pdftex.def)             Requested size: 422.77664pt x 279.57063pt.
[43



] [44 <./figs/MEC_SFCdiagram_colored2.PNG>] [45] [46] [47] [48] [49]pdfTeX warn
ing (ext4): destination with the same identifier (name{algocf.3}) has been alre
ady used, duplicate ignored
<to be read again> 
                   \relax 
l.218 	\caption{Exact offline \myproblem}
                                         ) [50]
\openout2 = `chapter5.aux'.

 (./chapter5.tex
Chapter \bf {5}.

Package hyperref Warning: Difference (2) between bookmark levels is greater 
(hyperref)                than one, level fixed on input line 17.

[51



] [52] [53] [54] [55] [56]
Runaway argument?
 \pmb {V}_{0} \gets \pmb {I}_{d\times d}, \label {eqn:v_init} \\ 
! Paragraph ended before \gather was complete.
<to be read again> 
                   \par 
l.128 
      
I suspect you've forgotten a `}', causing me to apply this
control sequence to too much text. How can we recover?
My plan is to forget the whole thing and hope for the best.

! Missing $ inserted.
<inserted text> 
                $
l.128 
      
I've inserted a begin-math/end-math symbol since I think
you left one out. Proceed, with fingers crossed.

! Missing \endgroup inserted.
<inserted text> 
                \endgroup 
l.128 
      
I've inserted something that you may have forgotten.
(See the <inserted text> above.)
With luck, this will get me unwedged. But if you
really didn't forget anything, try typing `2' now; then
my insertion and my current dilemma will both disappear.

! Display math should end with $$.
<to be read again> 
                   \par 
l.128 
      
The `$' that I just saw supposedly matches a previous `$$'.
So I shall assume that you typed `$$' both times.

! Missing $ inserted.
<inserted text> 
                $
l.129 	\pmb{b}_
               {0} \gets \pmb{0}_{d} \label{eqn:b_init}.\end{gather}
I've inserted a begin-math/end-math symbol since I think
you left one out. Proceed, with fingers crossed.


! Package inputenc Error: Unicode character  (U+FF0C)
(inputenc)                not set up for use with LaTeX.

See the inputenc package documentation for explanation.
Type  H <return>  for immediate help.
 ...                                              
                                                  
l.129 	\pmb{b}_{0} \gets \pmb{0}_{d}
                                        \label{eqn:b_init}.\end{gather}
You may provide a definition with
\DeclareUnicodeCharacter 

! Misplaced \cr.
\math@cr@@@ ->\cr 
                  
l.129 ...0}_{d} \label{eqn:b_init}.\end{gather}
                                                  
I can't figure out why you would want to use a tab mark
or \cr or \span just now. If something like a right brace
up above has ended a previous alignment prematurely,
you're probably due for more error messages, and you
might try typing `S' now just to see what is salvageable.

! Misplaced \noalign.
\math@cr@@ ... \iffalse }\fi \math@cr@@@ \noalign 
                                                  {\vskip #1\relax }
l.129 ...0}_{d} \label{eqn:b_init}.\end{gather}
                                                  
I expect to see \noalign only after the \cr of
an alignment. Proceed, and I'll ignore this case.

! Missing $ inserted.
<inserted text> 
                $
l.129 ...0}_{d} \label{eqn:b_init}.\end{gather}
                                                  
I've inserted a begin-math/end-math symbol since I think
you left one out. Proceed, with fingers crossed.

! Missing } inserted.
<inserted text> 
                }
l.129 ...0}_{d} \label{eqn:b_init}.\end{gather}
                                                  
I've inserted something that you may have forgotten.
(See the <inserted text> above.)
With luck, this will get me unwedged. But if you
really didn't forget anything, try typing `2' now; then
my insertion and my current dilemma will both disappear.

! Extra }, or forgotten \endgroup.
\math@cr@@ ...th@cr@@@ \noalign {\vskip #1\relax }
                                                  
l.129 ...0}_{d} \label{eqn:b_init}.\end{gather}
                                                  
I've deleted a group-closing symbol because it seems to be
spurious, as in `$x}$'. But perhaps the } is legitimate and
you forgot something else, as in `\hbox{$x}'. In such cases
the way to recover is to insert both the forgotten and the
deleted material, e.g., by typing `I$}'.

! Misplaced \noalign.
\black@ #1->\noalign 
                     {\ifdim #1>\displaywidth \dimen@ \prevdepth \nointerlin...
l.129 ...0}_{d} \label{eqn:b_init}.\end{gather}
                                                  
I expect to see \noalign only after the \cr of
an alignment. Proceed, and I'll ignore this case.


Overfull \hbox (195.07054pt too wide) detected at line 129
[]
 []

! Extra }, or forgotten \endgroup.
\endgather ->\math@cr \black@ \totwidth@ \egroup 
                                                 $$\ignorespacesafterend 
l.129 ...0}_{d} \label{eqn:b_init}.\end{gather}
                                                  
I've deleted a group-closing symbol because it seems to be
spurious, as in `$x}$'. But perhaps the } is legitimate and
you forgot something else, as in `\hbox{$x}'. In such cases
the way to recover is to insert both the forgotten and the
deleted material, e.g., by typing `I$}'.

! Missing $ inserted.
<inserted text> 
                $
l.129 ...0}_{d} \label{eqn:b_init}.\end{gather}
                                                  
I've inserted something that you may have forgotten.
(See the <inserted text> above.)
With luck, this will get me unwedged. But if you
really didn't forget anything, try typing `2' now; then
my insertion and my current dilemma will both disappear.

! Display math should end with $$.
<to be read again> 
                   \endgroup 
l.129 ...0}_{d} \label{eqn:b_init}.\end{gather}
                                                  
The `$' that I just saw supposedly matches a previous `$$'.
So I shall assume that you typed `$$' both times.

[57] [58] [59] [60]
<figs/example_before.JPG, id=1313, 220.57407pt x 201.00093pt>
File: figs/example_before.JPG Graphic file (type jpg)
<use figs/example_before.JPG>
Package pdftex.def Info: figs/example_before.JPG  used on input line 296.
(pdftex.def)             Requested size: 157.83559pt x 143.83418pt.


Package caption Warning: Cannot determine current font size.
(caption)                Try setting it with `size=' explicitly on input line 2
97.
See the caption package documentation for explanation.


Package caption Warning: Cannot determine current font size.
(caption)                Try setting it with `size=' explicitly on input line 2
97.
See the caption package documentation for explanation.

<figs/example_after.JPG, id=1314, 174.6525pt x 173.89969pt>
File: figs/example_after.JPG Graphic file (type jpg)
<use figs/example_after.JPG>
Package pdftex.def Info: figs/example_after.JPG  used on input line 302.
(pdftex.def)             Requested size: 157.83559pt x 157.16367pt.

Package caption Warning: Cannot determine current font size.
(caption)                Try setting it with `size=' explicitly on input line 3
03.
See the caption package documentation for explanation.


Package caption Warning: Cannot determine current font size.
(caption)                Try setting it with `size=' explicitly on input line 3
03.
See the caption package documentation for explanation.

[61 <./figs/example_before.JPG> <./figs/example_after.JPG>]

LaTeX Warning: Reference `eqn:v_init' on page 62 undefined on input line 321.

[62] [63]) [64]
\openout2 = `chapter6.aux'.

 (./chapter6.tex
Chapter \bf {6}.
[65



]
<figs/packetformat.PNG, id=1354, 1239.12938pt x 217.5628pt>
File: figs/packetformat.PNG Graphic file (type png)
<use figs/packetformat.PNG>
Package pdftex.def Info: figs/packetformat.PNG  used on input line 38.
(pdftex.def)             Requested size: 422.77664pt x 74.22931pt.
 [66 <./figs/packetformat.PNG>]
<figs/SFCtimestamp.PNG, id=1362, 670.00313pt x 601.4972pt>
File: figs/SFCtimestamp.PNG Graphic file (type png)
<use figs/SFCtimestamp.PNG>
Package pdftex.def Info: figs/SFCtimestamp.PNG  used on input line 76.
(pdftex.def)             Requested size: 422.77664pt x 379.54181pt.
) [67] [68 <./figs/SFCtimestamp.PNG>]
\openout2 = `chapter7.aux'.


(./chapter7.tex
Chapter \bf {7}.
[69



]
Package epstopdf Info: Source file: <figs/topology.eps>
(epstopdf)                    date: 2021-02-12 12:43:27
(epstopdf)                    size: 21407 bytes
(epstopdf)             Output file: <figs/topology-eps-converted-to.pdf>
(epstopdf)                    date: 2021-02-12 12:41:11
(epstopdf)                    size: 13602 bytes
(epstopdf)             Command: <epstopdf --outfile=figs/topology-eps-converted
-to.pdf figs/topology.eps>
(epstopdf)             \includegraphics on input line 47.
runsystem(epstopdf --outfile=figs/topology-eps-converted-to.pdf figs/topology.e
ps)...executed.

Package epstopdf Info: Result file: <figs/topology-eps-converted-to.pdf>
(epstopdf)                    date: 2021-02-12 12:43:40
(epstopdf)                    size: 13620 bytes.
<figs/topology-eps-converted-to.pdf, id=1382, 476.98201pt x 361.35pt>
File: figs/topology-eps-converted-to.pdf Graphic file (type pdf)
<use figs/topology-eps-converted-to.pdf>
Package pdftex.def Info: figs/topology-eps-converted-to.pdf  used on input line
 47.
(pdftex.def)             Requested size: 422.77664pt x 320.28822pt.
<figs/mobilitymodel.PNG, id=1387, 783.67781pt x 534.49687pt>
File: figs/mobilitymodel.PNG Graphic file (type png)
<use figs/mobilitymodel.PNG>
Package pdftex.def Info: figs/mobilitymodel.PNG  used on input line 91.
(pdftex.def)             Requested size: 422.77664pt x 288.35487pt.
 [70] [71 <./figs/topology-eps-converted-to.pdf>] [72 <./figs/mobilitymodel.PNG
>] [73]
Package epstopdf Info: Source file: <../icfec21/figs/computationLevel2.eps>
(epstopdf)                    date: 2021-02-03 17:19:02
(epstopdf)                    size: 101239 bytes
(epstopdf)             Output file: <../icfec21/figs/computationLevel2-eps-conv
erted-to.pdf>
(epstopdf)                    date: 2021-02-03 17:36:14
(epstopdf)                    size: 40754 bytes
(epstopdf)             Command: <epstopdf --outfile=../icfec21/figs/computation
Level2-eps-converted-to.pdf ../icfec21/figs/computationLevel2.eps>
(epstopdf)             \includegraphics on input line 186.
Package epstopdf Info: Output file is already uptodate.
<../icfec21/figs/computationLevel2-eps-converted-to.pdf, id=1433, 419.35672pt x
 344.50708pt>
File: ../icfec21/figs/computationLevel2-eps-converted-to.pdf Graphic file (type
 pdf)
<use ../icfec21/figs/computationLevel2-eps-converted-to.pdf>
Package pdftex.def Info: ../icfec21/figs/computationLevel2-eps-converted-to.pdf
  used on input line 186.
(pdftex.def)             Requested size: 211.38832pt x 173.66191pt.


Package caption Warning: Cannot determine current font size.
(caption)                Try setting it with `size=' explicitly on input line 1
87.
See the caption package documentation for explanation.


Package caption Warning: Cannot determine current font size.
(caption)                Try setting it with `size=' explicitly on input line 1
87.
See the caption package documentation for explanation.

Package epstopdf Info: Source file: <../icfec21/figs/transmissionLevel2.eps>
(epstopdf)                    date: 2021-02-03 17:19:03
(epstopdf)                    size: 100919 bytes
(epstopdf)             Output file: <../icfec21/figs/transmissionLevel2-eps-con
verted-to.pdf>
(epstopdf)                    date: 2021-02-03 17:36:15
(epstopdf)                    size: 40465 bytes
(epstopdf)             Command: <epstopdf --outfile=../icfec21/figs/transmissio
nLevel2-eps-converted-to.pdf ../icfec21/figs/transmissionLevel2.eps>
(epstopdf)             \includegraphics on input line 192.
Package epstopdf Info: Output file is already uptodate.
<../icfec21/figs/transmissionLevel2-eps-converted-to.pdf, id=1434, 419.35672pt 
x 344.50708pt>
File: ../icfec21/figs/transmissionLevel2-eps-converted-to.pdf Graphic file (typ
e pdf)
<use ../icfec21/figs/transmissionLevel2-eps-converted-to.pdf>
Package pdftex.def Info: ../icfec21/figs/transmissionLevel2-eps-converted-to.pd
f  used on input line 192.
(pdftex.def)             Requested size: 211.38832pt x 173.66191pt.

Package caption Warning: Cannot determine current font size.
(caption)                Try setting it with `size=' explicitly on input line 1
93.
See the caption package documentation for explanation.


Package caption Warning: Cannot determine current font size.
(caption)                Try setting it with `size=' explicitly on input line 1
93.
See the caption package documentation for explanation.

Package epstopdf Info: Source file: <../icfec21/figs/switchingcost2.eps>
(epstopdf)                    date: 2021-02-03 17:19:02
(epstopdf)                    size: 100165 bytes
(epstopdf)             Output file: <../icfec21/figs/switchingcost2-eps-convert
ed-to.pdf>
(epstopdf)                    date: 2021-02-03 17:36:16
(epstopdf)                    size: 39519 bytes
(epstopdf)             Command: <epstopdf --outfile=../icfec21/figs/switchingco
st2-eps-converted-to.pdf ../icfec21/figs/switchingcost2.eps>
(epstopdf)             \includegraphics on input line 213.
Package epstopdf Info: Output file is already uptodate.
<../icfec21/figs/switchingcost2-eps-converted-to.pdf, id=1436, 409.63039pt x 33
4.78073pt>
File: ../icfec21/figs/switchingcost2-eps-converted-to.pdf Graphic file (type pd
f)
<use ../icfec21/figs/switchingcost2-eps-converted-to.pdf>
Package pdftex.def Info: ../icfec21/figs/switchingcost2-eps-converted-to.pdf  u
sed on input line 213.
(pdftex.def)             Requested size: 422.77664pt x 345.52783pt.
[74 <../icfec21/figs/computationLevel2-eps-converted-to.pdf> <../icfec21/figs/t
ransmissionLevel2-eps-converted-to.pdf>] [75 <../icfec21/figs/switchingcost2-ep
s-converted-to.pdf>] [76]
Package epstopdf Info: Source file: <../icfec21/figs/replotlearningnormalized1.
eps>
(epstopdf)                    date: 2021-02-03 17:19:01
(epstopdf)                    size: 39890 bytes
(epstopdf)             Output file: <../icfec21/figs/replotlearningnormalized1-
eps-converted-to.pdf>
(epstopdf)                    date: 2021-02-03 17:36:17
(epstopdf)                    size: 18881 bytes
(epstopdf)             Command: <epstopdf --outfile=../icfec21/figs/replotlearn
ingnormalized1-eps-converted-to.pdf ../icfec21/figs/replotlearningnormalized1.e
ps>
(epstopdf)             \includegraphics on input line 251.
Package epstopdf Info: Output file is already uptodate.
<../icfec21/figs/replotlearningnormalized1-eps-converted-to.pdf, id=1591, 454.3
0727pt x 338.84592pt>
File: ../icfec21/figs/replotlearningnormalized1-eps-converted-to.pdf Graphic fi
le (type pdf)
<use ../icfec21/figs/replotlearningnormalized1-eps-converted-to.pdf>
Package pdftex.def Info: ../icfec21/figs/replotlearningnormalized1-eps-converte
d-to.pdf  used on input line 251.
(pdftex.def)             Requested size: 422.77664pt x 315.34576pt.
Package epstopdf Info: Source file: <figs/replotregret1.eps>
(epstopdf)                    date: 2020-12-17 23:25:24
(epstopdf)                    size: 27938 bytes
(epstopdf)             Output file: <figs/replotregret1-eps-converted-to.pdf>
(epstopdf)                    date: 2020-12-18 11:25:46
(epstopdf)                    size: 13444 bytes
(epstopdf)             Command: <epstopdf --outfile=figs/replotregret1-eps-conv
erted-to.pdf figs/replotregret1.eps>
(epstopdf)             \includegraphics on input line 267.
Package epstopdf Info: Output file is already uptodate.
<figs/replotregret1-eps-converted-to.pdf, id=1595, 462.52798pt x 346.89601pt>
File: figs/replotregret1-eps-converted-to.pdf Graphic file (type pdf)
<use figs/replotregret1-eps-converted-to.pdf>
Package pdftex.def Info: figs/replotregret1-eps-converted-to.pdf  used on input
 line 267.
(pdftex.def)             Requested size: 422.77664pt x 317.09973pt.
 [77 <../icfec21/figs/replotlearningnormalized1-eps-converted-to.pdf>] [78 <./f
igs/replotregret1-eps-converted-to.pdf>]
Package epstopdf Info: Source file: <figs/replotruntime_smallfont.eps>
(epstopdf)                    date: 2020-12-17 23:25:24
(epstopdf)                    size: 31702 bytes
(epstopdf)             Output file: <figs/replotruntime_smallfont-eps-converted
-to.pdf>
(epstopdf)                    date: 2020-12-18 11:25:48
(epstopdf)                    size: 16966 bytes
(epstopdf)             Command: <epstopdf --outfile=figs/replotruntime_smallfon
t-eps-converted-to.pdf figs/replotruntime_smallfont.eps>
(epstopdf)             \includegraphics on input line 322.
Package epstopdf Info: Output file is already uptodate.
<figs/replotruntime_smallfont-eps-converted-to.pdf, id=1677, 462.52798pt x 346.
89601pt>
File: figs/replotruntime_smallfont-eps-converted-to.pdf Graphic file (type pdf)

<use figs/replotruntime_smallfont-eps-converted-to.pdf>
Package pdftex.def Info: figs/replotruntime_smallfont-eps-converted-to.pdf  use
d on input line 322.
(pdftex.def)             Requested size: 422.77664pt x 317.09973pt.
Package epstopdf Info: Source file: <../icfec21/figs/numservicebar.eps>
(epstopdf)                    date: 2021-02-03 17:19:06
(epstopdf)                    size: 107120 bytes
(epstopdf)             Output file: <../icfec21/figs/numservicebar-eps-converte
d-to.pdf>
(epstopdf)                    date: 2021-02-03 17:36:18
(epstopdf)                    size: 42913 bytes
(epstopdf)             Command: <epstopdf --outfile=../icfec21/figs/numserviceb
ar-eps-converted-to.pdf ../icfec21/figs/numservicebar.eps>
(epstopdf)             \includegraphics on input line 347.
Package epstopdf Info: Output file is already uptodate.
<../icfec21/figs/numservicebar-eps-converted-to.pdf, id=1679, 419.35672pt x 345
.83203pt>
File: ../icfec21/figs/numservicebar-eps-converted-to.pdf Graphic file (type pdf
)
<use ../icfec21/figs/numservicebar-eps-converted-to.pdf>
Package pdftex.def Info: ../icfec21/figs/numservicebar-eps-converted-to.pdf  us
ed on input line 347.
(pdftex.def)             Requested size: 211.38832pt x 174.3298pt.


Package caption Warning: Cannot determine current font size.
(caption)                Try setting it with `size=' explicitly on input line 3
48.
See the caption package documentation for explanation.


Package caption Warning: Cannot determine current font size.
(caption)                Try setting it with `size=' explicitly on input line 3
48.
See the caption package documentation for explanation.

Package epstopdf Info: Source file: <../icfec21/figs/numnodebar.eps>
(epstopdf)                    date: 2021-02-03 17:19:05
(epstopdf)                    size: 105629 bytes
(epstopdf)             Output file: <../icfec21/figs/numnodebar-eps-converted-t
o.pdf>
(epstopdf)                    date: 2021-02-03 17:36:19
(epstopdf)                    size: 42343 bytes
(epstopdf)             Command: <epstopdf --outfile=../icfec21/figs/numnodebar-
eps-converted-to.pdf ../icfec21/figs/numnodebar.eps>
(epstopdf)             \includegraphics on input line 353.
Package epstopdf Info: Output file is already uptodate.
<../icfec21/figs/numnodebar-eps-converted-to.pdf, id=1680, 419.35672pt x 345.83
203pt>
File: ../icfec21/figs/numnodebar-eps-converted-to.pdf Graphic file (type pdf)
<use ../icfec21/figs/numnodebar-eps-converted-to.pdf>
Package pdftex.def Info: ../icfec21/figs/numnodebar-eps-converted-to.pdf  used 
on input line 353.
(pdftex.def)             Requested size: 211.38832pt x 174.3298pt.

Package caption Warning: Cannot determine current font size.
(caption)                Try setting it with `size=' explicitly on input line 3
54.
See the caption package documentation for explanation.


Package caption Warning: Cannot determine current font size.
(caption)                Try setting it with `size=' explicitly on input line 3
54.
See the caption package documentation for explanation.

) [79] [80 <./figs/replotruntime_smallfont-eps-converted-to.pdf>] [81 <../icfec
21/figs/numservicebar-eps-converted-to.pdf> <../icfec21/figs/numnodebar-eps-con
verted-to.pdf>]
\openout2 = `chapter8.aux'.

 (./chapter8.tex
Chapter \bf {8}.
[82



]
<figs/mininetwifigraph.png, id=1844, 585.68813pt x 424.58624pt>
File: figs/mininetwifigraph.png Graphic file (type png)
<use figs/mininetwifigraph.png>
Package pdftex.def Info: figs/mininetwifigraph.png  used on input line 19.
(pdftex.def)             Requested size: 422.77664pt x 306.49873pt.
 [83 <./figs/mininetwifigraph.png>]

Package hyperref Warning: Token not allowed in a PDF string (PDFDocEncoding):
(hyperref)                removing `\textsmaller ' on input line 117.

[84]
Package epstopdf Info: Source file: <../icfec21/figs/MiniwifiLearning1.eps>
(epstopdf)                    date: 2021-02-03 17:19:07
(epstopdf)                    size: 30412 bytes
(epstopdf)             Output file: <../icfec21/figs/MiniwifiLearning1-eps-conv
erted-to.pdf>
(epstopdf)                    date: 2021-02-03 17:36:20
(epstopdf)                    size: 17734 bytes
(epstopdf)             Command: <epstopdf --outfile=../icfec21/figs/MiniwifiLea
rning1-eps-converted-to.pdf ../icfec21/figs/MiniwifiLearning1.eps>
(epstopdf)             \includegraphics on input line 149.
Package epstopdf Info: Output file is already uptodate.
<../icfec21/figs/MiniwifiLearning1-eps-converted-to.pdf, id=1859, 406.42842pt x
 312.02571pt>
File: ../icfec21/figs/MiniwifiLearning1-eps-converted-to.pdf Graphic file (type
 pdf)
<use ../icfec21/figs/MiniwifiLearning1-eps-converted-to.pdf>
Package pdftex.def Info: ../icfec21/figs/MiniwifiLearning1-eps-converted-to.pdf
  used on input line 149.
(pdftex.def)             Requested size: 422.77664pt x 324.58952pt.
 [85] [86 <../icfec21/figs/MiniwifiLearning1-eps-converted-to.pdf>]
Package epstopdf Info: Source file: <../icfec21/figs/mobilitymodel2.eps>
(epstopdf)                    date: 2021-02-03 17:19:09
(epstopdf)                    size: 105932 bytes
(epstopdf)             Output file: <../icfec21/figs/mobilitymodel2-eps-convert
ed-to.pdf>
(epstopdf)                    date: 2021-02-03 17:36:21
(epstopdf)                    size: 42540 bytes
(epstopdf)             Command: <epstopdf --outfile=../icfec21/figs/mobilitymod
el2-eps-converted-to.pdf ../icfec21/figs/mobilitymodel2.eps>
(epstopdf)             \includegraphics on input line 183.
Package epstopdf Info: Output file is already uptodate.
<../icfec21/figs/mobilitymodel2-eps-converted-to.pdf, id=1911, 406.42842pt x 33
6.1157pt>
File: ../icfec21/figs/mobilitymodel2-eps-converted-to.pdf Graphic file (type pd
f)
<use ../icfec21/figs/mobilitymodel2-eps-converted-to.pdf>
Package pdftex.def Info: ../icfec21/figs/mobilitymodel2-eps-converted-to.pdf  u
sed on input line 183.
(pdftex.def)             Requested size: 422.77664pt x 349.64952pt.
Package epstopdf Info: Source file: <../icfec21/figs/linkdelaybar.eps>
(epstopdf)                    date: 2021-02-03 17:19:08
(epstopdf)                    size: 102862 bytes
(epstopdf)             Output file: <../icfec21/figs/linkdelaybar-eps-converted
-to.pdf>
(epstopdf)                    date: 2021-02-03 17:36:22
(epstopdf)                    size: 40874 bytes
(epstopdf)             Command: <epstopdf --outfile=../icfec21/figs/linkdelayba
r-eps-converted-to.pdf ../icfec21/figs/linkdelaybar.eps>
(epstopdf)             \includegraphics on input line 198.
Package epstopdf Info: Output file is already uptodate.
<../icfec21/figs/linkdelaybar-eps-converted-to.pdf, id=1915, 416.15475pt x 345.
83203pt>
File: ../icfec21/figs/linkdelaybar-eps-converted-to.pdf Graphic file (type pdf)

<use ../icfec21/figs/linkdelaybar-eps-converted-to.pdf>
Package pdftex.def Info: ../icfec21/figs/linkdelaybar-eps-converted-to.pdf  use
d on input line 198.
(pdftex.def)             Requested size: 211.38832pt x 175.67015pt.


Package caption Warning: Cannot determine current font size.
(caption)                Try setting it with `size=' explicitly on input line 2
00.
See the caption package documentation for explanation.


Package caption Warning: Cannot determine current font size.
(caption)                Try setting it with `size=' explicitly on input line 2
00.
See the caption package documentation for explanation.

Package epstopdf Info: Source file: <../icfec21/figs/prodelaybar.eps>
(epstopdf)                    date: 2021-02-03 17:19:09
(epstopdf)                    size: 101719 bytes
(epstopdf)             Output file: <../icfec21/figs/prodelaybar-eps-converted-
to.pdf>
(epstopdf)                    date: 2021-02-03 17:36:22
(epstopdf)                    size: 39910 bytes
(epstopdf)             Command: <epstopdf --outfile=../icfec21/figs/prodelaybar
-eps-converted-to.pdf ../icfec21/figs/prodelaybar.eps>
(epstopdf)             \includegraphics on input line 205.
Package epstopdf Info: Output file is already uptodate.
<../icfec21/figs/prodelaybar-eps-converted-to.pdf, id=1916, 416.15475pt x 345.8
3203pt>
File: ../icfec21/figs/prodelaybar-eps-converted-to.pdf Graphic file (type pdf)
<use ../icfec21/figs/prodelaybar-eps-converted-to.pdf>
Package pdftex.def Info: ../icfec21/figs/prodelaybar-eps-converted-to.pdf  used
 on input line 205.
(pdftex.def)             Requested size: 211.38832pt x 175.67015pt.

Package caption Warning: Cannot determine current font size.
(caption)                Try setting it with `size=' explicitly on input line 2
07.
See the caption package documentation for explanation.


Package caption Warning: Cannot determine current font size.
(caption)                Try setting it with `size=' explicitly on input line 2
07.
See the caption package documentation for explanation.

[87] [88 <../icfec21/figs/mobilitymodel2-eps-converted-to.pdf>]
Package epstopdf Info: Source file: <../icfec21/figs/numservicebarmininet.eps>
(epstopdf)                    date: 2021-02-03 17:19:10
(epstopdf)                    size: 103292 bytes
(epstopdf)             Output file: <../icfec21/figs/numservicebarmininet-eps-c
onverted-to.pdf>
(epstopdf)                    date: 2021-02-03 17:36:23
(epstopdf)                    size: 41268 bytes
(epstopdf)             Command: <epstopdf --outfile=../icfec21/figs/numserviceb
armininet-eps-converted-to.pdf ../icfec21/figs/numservicebarmininet.eps>
(epstopdf)             \includegraphics on input line 231.
Package epstopdf Info: Output file is already uptodate.
<../icfec21/figs/numservicebarmininet-eps-converted-to.pdf, id=1981, 406.42842p
t x 336.1157pt>
File: ../icfec21/figs/numservicebarmininet-eps-converted-to.pdf Graphic file (t
ype pdf)
<use ../icfec21/figs/numservicebarmininet-eps-converted-to.pdf>
Package pdftex.def Info: ../icfec21/figs/numservicebarmininet-eps-converted-to.
pdf  used on input line 231.
(pdftex.def)             Requested size: 422.77664pt x 349.64952pt.
) [89 <../icfec21/figs/linkdelaybar-eps-converted-to.pdf> <../icfec21/figs/prod
elaybar-eps-converted-to.pdf>] [90 <../icfec21/figs/numservicebarmininet-eps-co
nverted-to.pdf>]
\openout2 = `chapter9.aux'.

(./chapter9.tex
Chapter \bf {9}.
[91



] [92] [93] [94]) [95] (./ucalgthes1_root_1.bbl

! LaTeX Error: Command \newblock undefined.

See the LaTeX manual or LaTeX Companion for explanation.
Type  H <return>  for immediate help.
 ...                                              
                                                  
l.1 \begin{thebibliography}{10}
                               
Try typing  <return>  to proceed.
If that doesn't work, type  X <return>  to quit.

[96


] [97] [98] [99] [100] [101] [102] [103]
! Misplaced alignment tab character &.
l.409   enablers, challenges &
                               call for action. issue 1.
I can't figure out why you would want to use a tab mark
here. If you just want an ampersand, the remedy is
simple: Just type `I\&' now. But if some right brace
up above has ended a previous alignment prematurely,
you're probably due for more error messages, and you
might try typing `S' now just to see what is salvageable.

[104] [105] [106])
Package atveryend Info: Empty hook `BeforeClearDocument' on input line 226.
 [107]
Package atveryend Info: Empty hook `AfterLastShipout' on input line 226.
 (./ucalgthes1_root_1.aux (./chapter1.aux)
(./chapter2.aux) (./chapter3.aux) (./chapter4.aux) (./chapter5.aux)
(./chapter6.aux) (./chapter7.aux) (./chapter8.aux) (./chapter9.aux))
Package atveryend Info: Executing hook `AtVeryEndDocument' on input line 226.
Package atveryend Info: Executing hook `AtEndAfterFileList' on input line 226.
Package rerunfilecheck Info: File `ucalgthes1_root_1.out' has not changed.
(rerunfilecheck)             Checksum: DF3E54CB6BA94B35F5F0322512FE8F49;5435.


LaTeX Warning: There were undefined references.

Package atveryend Info: Empty hook `AtVeryVeryEnd' on input line 226.
 ) 
Here is how much of TeX's memory you used:
 13552 strings out of 480608
 206495 string characters out of 5907536
 506599 words of memory out of 5000000
 28614 multiletter control sequences out of 15000+600000
 545668 words of font info for 72 fonts, out of 8000000 for 9000
 1141 hyphenation exceptions out of 8191
 48i,20n,49p,1670b,735s stack positions out of 5000i,500n,10000p,200000b,80000s
{d:/texlive/2020/texmf-dist/fonts/enc/dvips/cm-super/cm-super-ts1.enc}<d:/tex
live/2020/texmf-dist/fonts/type1/public/amsfonts/cm/cmbx12.pfb><d:/texlive/2020
/texmf-dist/fonts/type1/public/amsfonts/cm/cmbx8.pfb><d:/texlive/2020/texmf-dis
t/fonts/type1/public/amsfonts/cm/cmbxti10.pfb><d:/texlive/2020/texmf-dist/fonts
/type1/public/amsfonts/cm/cmex10.pfb><d:/texlive/2020/texmf-dist/fonts/type1/pu
blic/amsfonts/cm/cmmi12.pfb><d:/texlive/2020/texmf-dist/fonts/type1/public/amsf
onts/cm/cmmi6.pfb><d:/texlive/2020/texmf-dist/fonts/type1/public/amsfonts/cm/cm
mi8.pfb><d:/texlive/2020/texmf-dist/fonts/type1/public/amsfonts/cm/cmr10.pfb><d
:/texlive/2020/texmf-dist/fonts/type1/public/amsfonts/cm/cmr12.pfb><d:/texlive/
2020/texmf-dist/fonts/type1/public/amsfonts/cm/cmr17.pfb><d:/texlive/2020/texmf
-dist/fonts/type1/public/amsfonts/cm/cmr6.pfb><d:/texlive/2020/texmf-dist/fonts
/type1/public/amsfonts/cm/cmr7.pfb><d:/texlive/2020/texmf-dist/fonts/type1/publ
ic/amsfonts/cm/cmr8.pfb><d:/texlive/2020/texmf-dist/fonts/type1/public/amsfonts
/cm/cmss10.pfb><d:/texlive/2020/texmf-dist/fonts/type1/public/amsfonts/cm/cmss1
2.pfb><d:/texlive/2020/texmf-dist/fonts/type1/public/amsfonts/cm/cmssbx10.pfb><
d:/texlive/2020/texmf-dist/fonts/type1/public/amsfonts/cm/cmsy10.pfb><d:/texliv
e/2020/texmf-dist/fonts/type1/public/amsfonts/cm/cmsy6.pfb><d:/texlive/2020/tex
mf-dist/fonts/type1/public/amsfonts/cm/cmsy8.pfb><d:/texlive/2020/texmf-dist/fo
nts/type1/public/amsfonts/cm/cmti12.pfb><d:/texlive/2020/texmf-dist/fonts/type1
/public/amsfonts/cm/cmtt12.pfb><d:/texlive/2020/texmf-dist/fonts/type1/public/a
msfonts/symbols/msam10.pfb><d:/texlive/2020/texmf-dist/fonts/type1/public/amsfo
nts/symbols/msbm10.pfb><d:/texlive/2020/texmf-dist/fonts/type1/public/cm-super/
sfrm1200.pfb><d:/texlive/2020/texmf-dist/fonts/type1/urw/zapfding/uzdr.pfb>
Output written on ucalgthes1_root_1.pdf (116 pages, 2855963 bytes).
PDF statistics:
 2432 PDF objects out of 2487 (max. 8388607)
 1715 compressed objects within 18 object streams
 489 named destinations out of 1000 (max. 500000)
 778 words of extra memory for PDF output out of 10000 (max. 10000000)

